<?xml version="1.0" encoding="UTF-8"?>
<!-- Generated by org.testng.reporters.JUnitReportReporter -->
<testsuite hostname="gi-rafffa.local" name="appium.ios.UICatalogTest" tests="1" failures="0" timestamp="17 Jan 2017 12:53:13 GMT" time="141.381" errors="0">
  <testcase name="testiOS" time="141.381" classname="appium.ios.UICatalogTest"/>
</testsuite> <!-- appium.ios.UICatalogTest -->
